<?xml version="1.0" encoding="UTF-8"?>
<!-- Generated by org.testng.reporters.JUnitReportReporter -->
<testsuite hostname="DESKTOP-1CCRDTK" failures="0" tests="1" name="com.crm.qa.testcases.AddToCartTest" time="41.272" errors="0" timestamp="12 May 2021 18:03:50 GMT" skipped="0">
  <testcase classname="com.crm.qa.testcases.AddToCartTest" name="verifyProductAddedTOCart" time="41.272"/>
</testsuite> <!-- com.crm.qa.testcases.AddToCartTest -->
